<?xml version="1.0" encoding="UTF-8"?>
<!-- Generated by org.testng.reporters.JUnitReportReporter -->
<testsuite hostname="FLW-GodsfavourNwoko-PC" failures="0" tests="1" name="test.day3" time="0.001" errors="0" timestamp="2024-01-11T16:07:16 WAT" skipped="0">
  <testcase classname="test.day3" name="Aloan" time="0.001"/>
</testsuite> <!-- test.day3 -->
