<?xml version="1.0" encoding="UTF-8"?>
<!-- Generated by org.testng.reporters.JUnitReportReporter -->
<testsuite hostname="FLW-GodsfavourNwoko-PC" failures="0" tests="2" name="test.day2" time="0.001" errors="0" timestamp="2024-01-11T16:07:16 WAT" skipped="0">
  <testcase classname="test.day2" name="ploan" time="0.000"/>
  <testcase classname="test.day2" name="Gloan" time="0.001"/>
</testsuite> <!-- test.day2 -->
